#
# There is insufficient memory for the Java Runtime Environment to continue.
# Native memory allocation (malloc) failed to allocate 1048576 bytes for AllocateHeap
# Possible reasons:
#   The system is out of physical RAM or swap space
#   The process is running with CompressedOops enabled, and the Java Heap may be blocking the growth of the native heap
# Possible solutions:
#   Reduce memory load on the system
#   Increase physical memory or swap space
#   Check if swap backing store is full
#   Decrease Java heap size (-Xmx/-Xms)
#   Decrease number of Java threads
#   Decrease Java thread stack sizes (-Xss)
#   Set larger code cache with -XX:ReservedCodeCacheSize=
#   JVM is running with Zero Based Compressed Oops mode in which the Java heap is
#     placed in the first 32GB address space. The Java Heap base address is the
#     maximum limit for the native heap growth. Please use -XX:HeapBaseMinAddress
#     to set the Java Heap base and to place the Java Heap above 32GB virtual address.
# This output file may be truncated or incomplete.
#
#  Out of Memory Error (memory/allocation.inline.hpp:61), pid=28348, tid=0x0000000000003570
#
# JRE version:  (8.0_341-b10) (build )
# Java VM: Java HotSpot(TM) 64-Bit Server VM (25.341-b10 mixed mode windows-amd64 compressed oops)
# Failed to write core dump. Minidumps are not enabled by default on client versions of Windows
#

---------------  T H R E A D  ---------------

Current thread (0x0000024675af0000):  JavaThread "Unknown thread" [_thread_in_vm, id=13680, stack(0x000000f567700000,0x000000f567800000)]

Stack: [0x000000f567700000,0x000000f567800000]
Native frames: (J=compiled Java code, j=interpreted, Vv=VM code, C=native code)
V  [jvm.dll+0x32fa99]
V  [jvm.dll+0x275ff2]
V  [jvm.dll+0x276c9d]
V  [jvm.dll+0x26d645]
V  [jvm.dll+0x509d]
V  [jvm.dll+0x3ca47d]
V  [jvm.dll+0x3cb1fa]
V  [jvm.dll+0x3c7187]
V  [jvm.dll+0xfd12f]
V  [jvm.dll+0x20a71b]
V  [jvm.dll+0x239267]
V  [jvm.dll+0x162c56]
C  [javaw.exe+0x2322]
C  [javaw.exe+0x16544]
C  [KERNEL32.DLL+0x17034]
C  [ntdll.dll+0x526a1]


---------------  P R O C E S S  ---------------

Java Threads: ( => current thread )

Other Threads:

=>0x0000024675af0000 (exited) JavaThread "Unknown thread" [_thread_in_vm, id=13680, stack(0x000000f567700000,0x000000f567800000)]

VM state:not at safepoint (normal execution)

VM Mutex/Monitor currently owned by a thread: None

heap address: 0x00000006c4600000, size: 4026 MB, Compressed Oops mode: Zero based, Oop shift amount: 3
Narrow klass base: 0x0000000000000000, Narrow klass shift: 3
Compressed class space size: 1073741824 Address: 0x00000007c0000000

Heap:
 PSYoungGen      total 75264K, used 1290K [0x000000076c200000, 0x0000000771600000, 0x00000007c0000000)
  eden space 64512K, 2% used [0x000000076c200000,0x000000076c342900,0x0000000770100000)
  from space 10752K, 0% used [0x0000000770b80000,0x0000000770b80000,0x0000000771600000)
  to   space 10752K, 0% used [0x0000000770100000,0x0000000770100000,0x0000000770b80000)
 ParOldGen       total 172032K, used 0K [0x00000006c4600000, 0x00000006cee00000, 0x000000076c200000)
  object space 172032K, 0% used [0x00000006c4600000,0x00000006c4600000,0x00000006cee00000)
 Metaspace       used 754K, capacity 4480K, committed 4480K, reserved 1056768K
  class space    used 76K, capacity 384K, committed 384K, reserved 1048576K

Card table byte_map: [0x0000024677870000,0x0000024678050000] byte_map_base: 0x000002467424d000

Marking Bits: (ParMarkBitMap*) 0x0000000065b19030
 Begin Bits: [0x000002460f000000, 0x0000024612ee8000)
 End Bits:   [0x0000024612ee8000, 0x0000024616dd0000)

Polling page: 0x0000024675cc0000

CodeCache: size=245760Kb used=329Kb max_used=329Kb free=245430Kb
 bounds [0x0000024600000000, 0x0000024600270000, 0x000002460f000000]
 total_blobs=58 nmethods=0 adapters=38
 compilation: enabled

Compilation events (0 events):
No events

GC Heap History (0 events):
No events

Deoptimization events (0 events):
No events

Classes redefined (0 events):
No events

Internal exceptions (0 events):
No events

Events (10 events):
Event: 0.016 loading class java/lang/Short
Event: 0.016 loading class java/lang/Short done
Event: 0.016 loading class java/lang/Integer
Event: 0.016 loading class java/lang/Integer done
Event: 0.016 loading class java/lang/Long
Event: 0.017 loading class java/lang/Long done
Event: 0.017 loading class java/lang/NullPointerException
Event: 0.017 loading class java/lang/NullPointerException done
Event: 0.017 loading class java/lang/ArithmeticException
Event: 0.017 loading class java/lang/ArithmeticException done


Dynamic libraries:
0x00007ff6cfbd0000 - 0x00007ff6cfc17000 	C:\Program Files\Java\jre1.8.0_341\bin\javaw.exe
0x00007ffdc2ff0000 - 0x00007ffdc31e8000 	C:\Windows\SYSTEM32\ntdll.dll
0x00007ffdc2e90000 - 0x00007ffdc2f4d000 	C:\Windows\System32\KERNEL32.DLL
0x00007ffdc0c70000 - 0x00007ffdc0f3e000 	C:\Windows\System32\KERNELBASE.dll
0x00007ffdc17a0000 - 0x00007ffdc184e000 	C:\Windows\System32\ADVAPI32.dll
0x00007ffdc2470000 - 0x00007ffdc250e000 	C:\Windows\System32\msvcrt.dll
0x00007ffdc2cf0000 - 0x00007ffdc2d8c000 	C:\Windows\System32\sechost.dll
0x00007ffdc2150000 - 0x00007ffdc2275000 	C:\Windows\System32\RPCRT4.dll
0x00007ffdc1860000 - 0x00007ffdc1a00000 	C:\Windows\System32\USER32.dll
0x00007ffdc0780000 - 0x00007ffdc07a2000 	C:\Windows\System32\win32u.dll
0x00007ffdc1a00000 - 0x00007ffdc1a2a000 	C:\Windows\System32\GDI32.dll
0x00007ffdc0860000 - 0x00007ffdc096b000 	C:\Windows\System32\gdi32full.dll
0x00007ffdc0970000 - 0x00007ffdc0a0d000 	C:\Windows\System32\msvcp_win.dll
0x00007ffdc0b70000 - 0x00007ffdc0c70000 	C:\Windows\System32\ucrtbase.dll
0x00007ffda2080000 - 0x00007ffda231a000 	C:\Windows\WinSxS\amd64_microsoft.windows.common-controls_6595b64144ccf1df_6.0.19041.1110_none_60b5254171f9507e\COMCTL32.dll
0x00007ffdc2120000 - 0x00007ffdc2150000 	C:\Windows\System32\IMM32.DLL
0x00007ffdb7d90000 - 0x00007ffdb7da5000 	C:\Program Files\Java\jre1.8.0_341\bin\vcruntime140.dll
0x00007ffd97440000 - 0x00007ffd974db000 	C:\Program Files\Java\jre1.8.0_341\bin\msvcp140.dll
0x0000000065330000 - 0x0000000065b91000 	C:\Program Files\Java\jre1.8.0_341\bin\server\jvm.dll
0x00007ffdc1a30000 - 0x00007ffdc1a38000 	C:\Windows\System32\PSAPI.DLL
0x00007ffdb6f20000 - 0x00007ffdb6f2a000 	C:\Windows\SYSTEM32\VERSION.dll
0x00007ffdb80a0000 - 0x00007ffdb80a9000 	C:\Windows\SYSTEM32\WSOCK32.dll
0x00007ffda0e10000 - 0x00007ffda0e37000 	C:\Windows\SYSTEM32\WINMM.dll
0x00007ffdc2d90000 - 0x00007ffdc2dfb000 	C:\Windows\System32\WS2_32.dll
0x00007ffdbef90000 - 0x00007ffdbefa2000 	C:\Windows\SYSTEM32\kernel.appcore.dll
0x00007ffdb9490000 - 0x00007ffdb94a0000 	C:\Program Files\Java\jre1.8.0_341\bin\verify.dll
0x00007ffdb1060000 - 0x00007ffdb108b000 	C:\Program Files\Java\jre1.8.0_341\bin\java.dll
0x00007ffdb1040000 - 0x00007ffdb1058000 	C:\Program Files\Java\jre1.8.0_341\bin\zip.dll
0x00007ffdbe510000 - 0x00007ffdbe6f4000 	C:\Windows\SYSTEM32\dbghelp.dll
0x00007ffdc0f40000 - 0x00007ffdc0fc2000 	C:\Windows\System32\bcryptPrimitives.dll

VM Arguments:
jvm_args: -Dfile.encoding=UTF-8 
java_command: 배열응용.예매한번에하기
java_class_path (initial): C:\Users\User\OneDrive\바탕 화면\java-workspace\java03\bin
Launcher Type: SUN_STANDARD

Environment Variables:
PATH=C:/Users/User/.p2/pool/plugins/org.eclipse.justj.openjdk.hotspot.jre.full.win32.x86_64_17.0.4.v20220903-1038/jre/bin/server;C:/Users/User/.p2/pool/plugins/org.eclipse.justj.openjdk.hotspot.jre.full.win32.x86_64_17.0.4.v20220903-1038/jre/bin;C:\Program Files (x86)\Common Files\Oracle\Java\javapath;C:\Windows\system32;C:\Windows;C:\Windows\System32\Wbem;C:\Windows\System32\WindowsPowerShell\v1.0\;C:\Windows\System32\OpenSSH\;C:\Program Files (x86)\NVIDIA Corporation\PhysX\Common;C:\Program Files\NVIDIA Corporation\NVIDIA NvDLISR;C:\Program Files\Bandizip\;C:\Users\User\AppData\Local\Microsoft\WindowsApps;C:\Users\User\AppData\Local\GitHubDesktop\bin;C:\Windows\System32;
USERNAME=User
OS=Windows_NT
PROCESSOR_IDENTIFIER=Intel64 Family 6 Model 154 Stepping 3, GenuineIntel



---------------  S Y S T E M  ---------------

OS: Windows 10 , 64 bit Build 19041 (10.0.19041.1889)

CPU:total 16 (initial active 16) (8 cores per cpu, 2 threads per core) family 6 model 154 stepping 3, cmov, cx8, fxsr, mmx, sse, sse2, sse3, ssse3, sse4.1, sse4.2, popcnt, avx, avx2, aes, clmul, erms, 3dnowpref, lzcnt, ht, tsc, tscinvbit, bmi1, bmi2, adx

Memory: 4k page, physical 16486356k(3442216k free), swap 46065104k(5676k free)

vm_info: Java HotSpot(TM) 64-Bit Server VM (25.341-b10) for windows-amd64 JRE (1.8.0_341-b10), built on Jun 16 2022 15:51:07 by "java_re" with MS VC++ 15.9 (VS2017)

time: Thu Sep 29 18:03:32 2022
timezone: Intel64 Family 6 Model 154 Stepping 3, GenuineIntel
elapsed time: 0.025274 seconds (0d 0h 0m 0s)

